<?xml version="1.0" ?>
<coverage branch-rate="0.9184" branches-covered="90" branches-valid="98" complexity="0" line-rate="0.9315" lines-covered="299" lines-valid="321" timestamp="1547230949754" version="4.5.2">
	<!-- Generated by coverage.py: https://coverage.readthedocs.io -->
	<!-- Based on https://raw.githubusercontent.com/cobertura/web/master/htdocs/xml/coverage-04.dtd -->
	<sources>
		<source>/home/jcfr/Projects/scikit-ci</source>
	</sources>
	<packages>
		<package branch-rate="0.9184" complexity="0" line-rate="0.9315" name="ci">
			<classes>
				<class branch-rate="1" complexity="0" filename="ci/__init__.py" line-rate="1" name="__init__.py">
					<methods/>
					<lines>
						<line hits="1" number="3"/>
						<line hits="1" number="8"/>
						<line hits="1" number="9"/>
						<line hits="1" number="10"/>
						<line hits="1" number="11"/>
						<line hits="1" number="13"/>
						<line hits="1" number="14"/>
						<line hits="1" number="15"/>
						<line hits="1" number="16"/>
						<line hits="1" number="18"/>
					</lines>
				</class>
				<class branch-rate="1" complexity="0" filename="ci/constants.py" line-rate="1" name="constants.py">
					<methods/>
					<lines>
						<line hits="1" number="3"/>
						<line hits="1" number="6"/>
						<line hits="1" number="22"/>
						<line hits="1" number="29"/>
						<line hits="1" number="37"/>
					</lines>
				</class>
				<class branch-rate="0.9222" complexity="0" filename="ci/driver.py" line-rate="0.9239" name="driver.py">
					<methods/>
					<lines>
						<line hits="1" number="3"/>
						<line hits="1" number="6"/>
						<line hits="1" number="7"/>
						<line hits="1" number="8"/>
						<line hits="1" number="9"/>
						<line hits="1" number="10"/>
						<line hits="1" number="11"/>
						<line hits="1" number="12"/>
						<line hits="1" number="13"/>
						<line hits="1" number="14"/>
						<line hits="1" number="15"/>
						<line hits="1" number="17"/>
						<line hits="1" number="18"/>
						<line hits="1" number="19"/>
						<line hits="1" number="20"/>
						<line hits="1" number="21"/>
						<line hits="1" number="23"/>
						<line hits="1" number="25"/>
						<line hits="1" number="26"/>
						<line hits="1" number="29"/>
						<line hits="1" number="30"/>
						<line hits="1" number="31"/>
						<line hits="1" number="32"/>
						<line hits="1" number="34"/>
						<line hits="1" number="35"/>
						<line hits="1" number="36"/>
						<line hits="1" number="38"/>
						<line branch="true" condition-coverage="100% (2/2)" hits="1" number="39"/>
						<line hits="1" number="40"/>
						<line hits="1" number="42"/>
						<line hits="1" number="45"/>
						<line hits="1" number="46"/>
						<line hits="1" number="47"/>
						<line hits="1" number="48"/>
						<line hits="1" number="50"/>
						<line hits="1" number="52"/>
						<line hits="1" number="53"/>
						<line hits="1" number="55"/>
						<line hits="1" number="56"/>
						<line branch="true" condition-coverage="100% (2/2)" hits="1" number="57"/>
						<line hits="1" number="58"/>
						<line hits="1" number="59"/>
						<line hits="1" number="60"/>
						<line hits="1" number="62"/>
						<line branch="true" condition-coverage="50% (1/2)" hits="1" missing-branches="64" number="63"/>
						<line hits="0" number="64"/>
						<line hits="1" number="66"/>
						<line hits="1" number="67"/>
						<line hits="1" number="68"/>
						<line branch="true" condition-coverage="100% (2/2)" hits="1" number="70"/>
						<line hits="1" number="71"/>
						<line branch="true" condition-coverage="100% (2/2)" hits="1" number="73"/>
						<line hits="1" number="75"/>
						<line hits="1" number="76"/>
						<line hits="1" number="77"/>
						<line hits="1" number="78"/>
						<line hits="1" number="80"/>
						<line hits="1" number="81"/>
						<line branch="true" condition-coverage="50% (1/2)" hits="1" missing-branches="85" number="83"/>
						<line hits="0" number="85"/>
						<line hits="0" number="86"/>
						<line hits="0" number="87"/>
						<line hits="0" number="88"/>
						<line hits="0" number="89"/>
						<line hits="0" number="90"/>
						<line hits="0" number="91"/>
						<line hits="0" number="92"/>
						<line hits="0" number="94"/>
						<line hits="0" number="96"/>
						<line hits="0" number="98"/>
						<line hits="0" number="100"/>
						<line hits="1" number="104"/>
						<line hits="1" number="105"/>
						<line hits="1" number="106"/>
						<line hits="1" number="107"/>
						<line hits="1" number="108"/>
						<line hits="1" number="109"/>
						<line hits="1" number="110"/>
						<line hits="1" number="111"/>
						<line hits="1" number="113"/>
						<line hits="1" number="115"/>
						<line hits="1" number="117"/>
						<line hits="1" number="119"/>
						<line hits="1" number="121"/>
						<line hits="1" number="122"/>
						<line hits="1" number="123"/>
						<line hits="1" number="124"/>
						<line hits="1" number="125"/>
						<line hits="1" number="126"/>
						<line hits="1" number="127"/>
						<line hits="1" number="128"/>
						<line hits="1" number="130"/>
						<line hits="1" number="132"/>
						<line hits="1" number="134"/>
						<line hits="1" number="136"/>
						<line hits="1" number="138"/>
						<line branch="true" condition-coverage="100% (2/2)" hits="1" number="140"/>
						<line hits="1" number="141"/>
						<line hits="1" number="143"/>
						<line hits="1" number="145"/>
						<line hits="1" number="146"/>
						<line hits="1" number="147"/>
						<line hits="1" number="148"/>
						<line hits="1" number="149"/>
						<line branch="true" condition-coverage="50% (1/2)" hits="1" missing-branches="192" number="150"/>
						<line hits="1" number="151"/>
						<line hits="1" number="152"/>
						<line branch="true" condition-coverage="100% (2/2)" hits="1" number="153"/>
						<line hits="1" number="154"/>
						<line hits="1" number="157"/>
						<line hits="1" number="158"/>
						<line branch="true" condition-coverage="100% (2/2)" hits="1" number="159"/>
						<line hits="1" number="161"/>
						<line hits="1" number="163"/>
						<line hits="1" number="164"/>
						<line hits="1" number="168"/>
						<line hits="1" number="169"/>
						<line hits="1" number="172"/>
						<line hits="1" number="174"/>
						<line hits="1" number="176"/>
						<line hits="1" number="177"/>
						<line hits="1" number="180"/>
						<line hits="1" number="181"/>
						<line hits="1" number="182"/>
						<line branch="true" condition-coverage="100% (2/2)" hits="1" number="183"/>
						<line branch="true" condition-coverage="100% (2/2)" hits="1" number="184"/>
						<line hits="1" number="185"/>
						<line hits="1" number="187"/>
						<line hits="1" number="189"/>
						<line hits="1" number="190"/>
						<line hits="0" number="192"/>
						<line hits="0" number="193"/>
						<line hits="0" number="194"/>
						<line hits="0" number="195"/>
						<line hits="0" number="196"/>
						<line hits="0" number="197"/>
						<line hits="1" number="199"/>
						<line hits="1" number="200"/>
						<line hits="1" number="202"/>
						<line hits="1" number="203"/>
						<line branch="true" condition-coverage="100% (2/2)" hits="1" number="212"/>
						<line hits="1" number="213"/>
						<line branch="true" condition-coverage="100% (2/2)" hits="1" number="216"/>
						<line hits="1" number="217"/>
						<line hits="1" number="218"/>
						<line hits="1" number="220"/>
						<line hits="1" number="224"/>
						<line hits="1" number="225"/>
						<line branch="true" condition-coverage="50% (1/2)" hits="1" missing-branches="232" number="231"/>
						<line hits="0" number="232"/>
						<line hits="1" number="235"/>
						<line hits="1" number="237"/>
						<line branch="true" condition-coverage="100% (2/2)" hits="1" number="238"/>
						<line hits="1" number="239"/>
						<line branch="true" condition-coverage="100% (2/2)" hits="1" number="240"/>
						<line hits="1" number="242"/>
						<line hits="1" number="245"/>
						<line branch="true" condition-coverage="100% (2/2)" hits="1" number="249"/>
						<line hits="1" number="250"/>
						<line branch="true" condition-coverage="100% (2/2)" hits="1" number="251"/>
						<line hits="1" number="252"/>
						<line hits="1" number="255"/>
						<line hits="1" number="256"/>
						<line hits="1" number="259"/>
						<line hits="1" number="262"/>
						<line branch="true" condition-coverage="100% (2/2)" hits="1" number="263"/>
						<line hits="1" number="264"/>
						<line branch="true" condition-coverage="50% (1/2)" hits="1" missing-branches="267" number="265"/>
						<line hits="1" number="266"/>
						<line hits="0" number="267"/>
						<line branch="true" condition-coverage="100% (2/2)" hits="1" number="270"/>
						<line hits="1" number="271"/>
						<line hits="1" number="273"/>
						<line hits="1" number="274"/>
						<line branch="true" condition-coverage="100% (2/2)" hits="1" number="288"/>
						<line hits="1" number="289"/>
						<line hits="1" number="294"/>
						<line hits="1" number="296"/>
						<line hits="1" number="297"/>
						<line branch="true" condition-coverage="50% (1/2)" hits="1" missing-branches="302" number="298"/>
						<line branch="true" condition-coverage="100% (2/2)" hits="1" number="299"/>
						<line hits="1" number="300"/>
						<line hits="1" number="301"/>
						<line hits="1" number="302"/>
						<line hits="1" number="304"/>
						<line branch="true" condition-coverage="100% (2/2)" hits="1" number="307"/>
						<line branch="true" condition-coverage="100% (2/2)" hits="1" number="308"/>
						<line hits="1" number="309"/>
						<line hits="1" number="310"/>
						<line hits="1" number="311"/>
						<line hits="1" number="312"/>
						<line hits="1" number="313"/>
						<line hits="1" number="314"/>
						<line branch="true" condition-coverage="100% (2/2)" hits="1" number="315"/>
						<line hits="1" number="316"/>
						<line branch="true" condition-coverage="100% (2/2)" hits="1" number="317"/>
						<line hits="1" number="318"/>
						<line hits="1" number="320"/>
						<line hits="1" number="322"/>
						<line hits="1" number="324"/>
						<line hits="1" number="326"/>
						<line branch="true" condition-coverage="100% (2/2)" hits="1" number="329"/>
						<line hits="1" number="330"/>
						<line hits="1" number="334"/>
						<line hits="1" number="336"/>
						<line hits="1" number="337"/>
						<line hits="1" number="339"/>
						<line hits="1" number="340"/>
						<line branch="true" condition-coverage="100% (2/2)" hits="1" number="342"/>
						<line hits="1" number="343"/>
						<line hits="1" number="346"/>
						<line hits="1" number="347"/>
						<line hits="1" number="350"/>
						<line hits="1" number="353"/>
						<line branch="true" condition-coverage="100% (2/2)" hits="1" number="355"/>
						<line hits="1" number="356"/>
						<line branch="true" condition-coverage="100% (2/2)" hits="1" number="359"/>
						<line hits="1" number="360"/>
						<line hits="1" number="361"/>
						<line hits="1" number="364"/>
						<line hits="1" number="367"/>
						<line hits="1" number="370"/>
						<line hits="1" number="374"/>
						<line hits="1" number="377"/>
						<line hits="1" number="379"/>
						<line hits="1" number="381"/>
						<line hits="1" number="383"/>
						<line hits="1" number="385"/>
						<line hits="1" number="387"/>
						<line hits="1" number="389"/>
						<line branch="true" condition-coverage="100% (2/2)" hits="1" number="393"/>
						<line hits="1" number="394"/>
						<line branch="true" condition-coverage="100% (2/2)" hits="1" number="395"/>
						<line hits="1" number="396"/>
						<line hits="1" number="397"/>
						<line branch="true" condition-coverage="100% (2/2)" hits="1" number="399"/>
						<line hits="1" number="400"/>
						<line branch="true" condition-coverage="100% (2/2)" hits="1" number="401"/>
						<line hits="1" number="404"/>
						<line hits="1" number="405"/>
						<line hits="1" number="406"/>
						<line hits="1" number="407"/>
						<line hits="1" number="408"/>
						<line hits="1" number="410"/>
						<line hits="1" number="414"/>
						<line hits="1" number="415"/>
						<line hits="1" number="417"/>
						<line hits="1" number="418"/>
						<line hits="1" number="422"/>
						<line hits="1" number="423"/>
						<line hits="1" number="428"/>
						<line hits="1" number="431"/>
						<line branch="true" condition-coverage="100% (2/2)" hits="1" number="432"/>
						<line hits="1" number="433"/>
						<line hits="1" number="434"/>
						<line hits="1" number="437"/>
						<line branch="true" condition-coverage="100% (2/2)" hits="1" number="446"/>
						<line hits="1" number="447"/>
						<line hits="1" number="449"/>
						<line branch="true" condition-coverage="100% (2/2)" hits="1" number="452"/>
						<line hits="1" number="453"/>
						<line hits="1" number="454"/>
						<line branch="true" condition-coverage="100% (2/2)" hits="1" number="455"/>
						<line hits="1" number="456"/>
						<line branch="true" condition-coverage="100% (2/2)" hits="1" number="457"/>
						<line branch="true" condition-coverage="50% (1/2)" hits="1" missing-branches="457" number="458"/>
						<line hits="1" number="459"/>
						<line hits="1" number="460"/>
						<line branch="true" condition-coverage="100% (2/2)" hits="1" number="463"/>
						<line hits="1" number="464"/>
						<line branch="true" condition-coverage="100% (2/2)" hits="1" number="467"/>
						<line hits="1" number="468"/>
						<line hits="1" number="470"/>
						<line hits="1" number="471"/>
						<line hits="1" number="472"/>
						<line hits="1" number="473"/>
					</lines>
				</class>
				<class branch-rate="1" complexity="0" filename="ci/exceptions.py" line-rate="0.9167" name="exceptions.py">
					<methods/>
					<lines>
						<line hits="1" number="5"/>
						<line hits="1" number="6"/>
						<line hits="1" number="9"/>
						<line hits="1" number="12"/>
						<line hits="1" number="15"/>
						<line hits="1" number="18"/>
						<line hits="1" number="19"/>
						<line hits="1" number="20"/>
						<line hits="1" number="21"/>
						<line hits="1" number="22"/>
						<line hits="1" number="24"/>
						<line hits="0" number="25"/>
					</lines>
				</class>
				<class branch-rate="0.875" complexity="0" filename="ci/utils.py" line-rate="1" name="utils.py">
					<methods/>
					<lines>
						<line hits="1" number="3"/>
						<line hits="1" number="5"/>
						<line hits="1" number="7"/>
						<line hits="1" number="10"/>
						<line branch="true" condition-coverage="100% (2/2)" hits="1" number="11"/>
						<line branch="true" condition-coverage="100% (2/2)" hits="1" number="12"/>
						<line hits="1" number="13"/>
						<line hits="1" number="14"/>
						<line hits="1" number="20"/>
						<line hits="1" number="21"/>
						<line hits="1" number="24"/>
						<line branch="true" condition-coverage="50% (1/2)" hits="1" missing-branches="37" number="33"/>
						<line hits="1" number="34"/>
						<line hits="1" number="35"/>
						<line hits="1" number="37"/>
						<line branch="true" condition-coverage="100% (2/2)" hits="1" number="38"/>
						<line hits="1" number="39"/>
						<line hits="1" number="40"/>
					</lines>
				</class>
			</classes>
		</package>
	</packages>
</coverage>
